<?xml version="1.0" encoding="utf-8"?><testsuites name="pytest tests"><testsuite name="pytest" errors="0" failures="0" skipped="0" tests="27" time="5.970" timestamp="2026-07-08T23:12:13.741619+00:00" hostname="agent-env-7fa95d68-09f5-4c1c-a975-7595ef3af056"><testcase classname="backend.tests.test_programs_p6" name="test_templates_requires_auth_401" time="0.268" /><testcase classname="backend.tests.test_programs_p6" name="test_templates_list_returns_builtins_and_own" time="0.453" /><testcase classname="backend.tests.test_programs_p6" name="test_create_template_source_constructor" time="0.222" /><testcase classname="backend.tests.test_programs_p6" name="test_patch_own_template_recounts" time="0.412" /><testcase classname="backend.tests.test_programs_p6" name="test_patch_other_users_template_403" time="0.655" /><testcase classname="backend.tests.test_programs_p6" name="test_patch_builtin_403" time="0.261" /><testcase classname="backend.tests.test_programs_p6" name="test_delete_other_users_template_403" time="0.296" /><testcase classname="backend.tests.test_programs_p6" name="test_share_owner_returns_code_stable" time="0.201" /><testcase classname="backend.tests.test_programs_p6" name="test_share_non_owner_403" time="0.118" /><testcase classname="backend.tests.test_programs_p6" name="test_shared_preview_public_no_auth" time="0.103" /><testcase classname="backend.tests.test_programs_p6" name="test_shared_preview_includes_week1_and_forecast" time="0.098" /><testcase classname="backend.tests.test_programs_p6" name="test_shared_preview_accepts_variants" time="0.416" /><testcase classname="backend.tests.test_programs_p6" name="test_shared_preview_404_unknown" time="0.121" /><testcase classname="backend.tests.test_programs_p6" name="test_import_own_returns_own_true" time="0.100" /><testcase classname="backend.tests.test_programs_p6" name="test_import_by_other_creates_copy_then_dedup" time="0.303" /><testcase classname="backend.tests.test_programs_p6" name="test_import_404_unknown_code" time="0.099" /><testcase classname="backend.tests.test_programs_p6" name="test_import_requires_auth" time="0.102" /><testcase classname="backend.tests.test_programs_p6" name="test_ai_status" time="0.096" /><testcase classname="backend.tests.test_programs_p6" name="test_ai_generate_requires_auth" time="0.136" /><testcase classname="backend.tests.test_programs_p6" name="test_ai_parse_requires_auth" time="0.101" /><testcase classname="backend.tests.test_programs_p6" name="test_ai_questions_requires_auth" time="0.100" /><testcase classname="backend.tests.test_programs_p6" name="test_ai_generate_short_prompt_400" time="0.107" /><testcase classname="backend.tests.test_programs_p6" name="test_ai_questions_short_prompt_400" time="0.097" /><testcase classname="backend.tests.test_programs_p6" name="test_ai_job_requires_auth" time="0.099" /><testcase classname="backend.tests.test_programs_p6" name="test_ai_job_not_found" time="0.118" /><testcase classname="backend.tests.test_programs_p6" name="test_regression_plan_from_own_template" time="0.464" /><testcase classname="backend.tests.test_programs_p6" name="test_regression_plan_from_builtin" time="0.347" /></testsuite></testsuites>