<?xml version="1.0" encoding="utf-8"?><testsuites name="pytest tests"><testsuite name="pytest" errors="0" failures="0" skipped="0" tests="4" time="95.845" timestamp="2026-07-08T23:12:26.470087+00:00" hostname="agent-env-7fa95d68-09f5-4c1c-a975-7595ef3af056"><testcase classname="backend.tests.test_ai_gen_weight_type" name="test_catalog_bodyweight_exercises_have_correct_weight_type" time="0.477" /><testcase classname="backend.tests.test_ai_gen_weight_type" name="test_ai_template_weight_type_matches_catalog" time="95.308" /><testcase classname="backend.tests.test_ai_gen_weight_type" name="test_ai_template_varies_sets_reps_across_weeks" time="0.000" /><testcase classname="backend.tests.test_ai_gen_weight_type" name="test_ai_template_no_bodyweight_wrong_kg" time="0.000" /></testsuite></testsuites>