<?xml version="1.0" encoding="utf-8"?><testsuites name="pytest tests"><testsuite name="pytest" errors="0" failures="0" skipped="0" tests="7" time="3.963" timestamp="2026-07-08T23:35:10.728887+00:00" hostname="agent-env-7fa95d68-09f5-4c1c-a975-7595ef3af056"><testcase classname="backend.tests.test_plan_cancel_and_delete" name="test_delete_template_cancels_own_active_plan" time="1.072" /><testcase classname="backend.tests.test_plan_cancel_and_delete" name="test_delete_template_no_plans_returns_zero" time="0.223" /><testcase classname="backend.tests.test_plan_cancel_and_delete" name="test_cancel_plan_own" time="0.797" /><testcase classname="backend.tests.test_plan_cancel_and_delete" name="test_cancel_plan_403_not_owner" time="0.845" /><testcase classname="backend.tests.test_plan_cancel_and_delete" name="test_cancel_plan_404_unknown" time="0.097" /><testcase classname="backend.tests.test_plan_cancel_and_delete" name="test_cancel_plan_requires_auth" time="0.093" /><testcase classname="backend.tests.test_plan_cancel_and_delete" name="test_cancel_preserves_sessions" time="0.752" /></testsuite></testsuites>