<?xml version="1.0" encoding="utf-8"?><testsuites name="pytest tests"><testsuite name="pytest" errors="0" failures="1" skipped="0" tests="4" time="87.754" timestamp="2026-07-08T22:59:16.715544+00:00" hostname="agent-env-7fa95d68-09f5-4c1c-a975-7595ef3af056"><testcase classname="backend.tests.test_ai_gen_weight_type" name="test_catalog_bodyweight_exercises_have_correct_weight_type" time="0.507"><failure message="AssertionError: Каталог упражнений НЕ содержит weight_type='bodyweight' для BW-упражнений — фикс backend `_ai_build_template` не сможет корректно определить bodyweight: plank: weight_type=None (expected 'bodyweight'); pull-up: weight_type=None (expected 'bodyweight'); dips: weight_type=None (expected 'bodyweight'); hanging-leg-raise: weight_type=None (expected 'bodyweight')&#10;assert not [&quot;plank: weight_type=None (expected 'bodyweight')&quot;, &quot;pull-up: weight_type=None (expected 'bodyweight')&quot;, &quot;dips: weight_type=None (expected 'bodyweight')&quot;, &quot;hanging-leg-raise: weight_type=None (expected 'bodyweight')&quot;]">backend/tests/test_ai_gen_weight_type.py:55: in test_catalog_bodyweight_exercises_have_correct_weight_type
    assert not missing, (
E   AssertionError: Каталог упражнений НЕ содержит weight_type='bodyweight' для BW-упражнений — фикс backend `_ai_build_template` не сможет корректно определить bodyweight: plank: weight_type=None (expected 'bodyweight'); pull-up: weight_type=None (expected 'bodyweight'); dips: weight_type=None (expected 'bodyweight'); hanging-leg-raise: weight_type=None (expected 'bodyweight')
E   assert not ["plank: weight_type=None (expected 'bodyweight')", "pull-up: weight_type=None (expected 'bodyweight')", "dips: weight_type=None (expected 'bodyweight')", "hanging-leg-raise: weight_type=None (expected 'bodyweight')"]</failure></testcase><testcase classname="backend.tests.test_ai_gen_weight_type" name="test_ai_template_weight_type_matches_catalog" time="87.169" /><testcase classname="backend.tests.test_ai_gen_weight_type" name="test_ai_template_varies_sets_reps_across_weeks" time="0.000" /><testcase classname="backend.tests.test_ai_gen_weight_type" name="test_ai_template_no_bodyweight_wrong_kg" time="0.000" /></testsuite></testsuites>