<?xml version="1.0" encoding="utf-8"?><testsuites name="pytest tests"><testsuite name="pytest" errors="0" failures="0" skipped="0" tests="7" time="72.479" timestamp="2026-07-09T11:49:06.873075+00:00" hostname="agent-env-fc46ec61-14a3-445d-bd01-eba40c2bef2d"><testcase classname="backend.tests.test_ai_parse_photo" name="test_ai_status_returns_dual_provider" time="0.197" /><testcase classname="backend.tests.test_ai_parse_photo" name="test_parse_photo_requires_auth" time="0.114" /><testcase classname="backend.tests.test_ai_parse_photo" name="test_parse_photo_no_files_returns_400" time="0.518" /><testcase classname="backend.tests.test_ai_parse_photo" name="test_parse_photo_too_many_files_returns_400" time="0.333" /><testcase classname="backend.tests.test_ai_parse_photo" name="test_parse_photo_non_image_returns_400" time="0.155" /><testcase classname="backend.tests.test_ai_parse_photo" name="test_parse_photo_e2e_creates_template" time="23.347" /><testcase classname="backend.tests.test_ai_parse_photo" name="test_ai_generate_short_prompt_works" time="47.543" /></testsuite></testsuites>