<?xml version="1.0" encoding="utf-8"?><testsuites name="pytest tests"><testsuite name="pytest" errors="0" failures="0" skipped="0" tests="23" time="3.492" timestamp="2026-07-08T00:00:26.096954+00:00" hostname="agent-env-7fa95d68-09f5-4c1c-a975-7595ef3af056"><testcase classname="backend.tests.test_stats" name="test_b1_stats_requires_auth_401[/api/stats/961727460933]" time="0.251" /><testcase classname="backend.tests.test_stats" name="test_b1_stats_requires_auth_401[/api/stats/961727460933/detailed]" time="0.101" /><testcase classname="backend.tests.test_stats" name="test_b1_stats_requires_auth_401[/api/stats/961727460933/exercise-progress]" time="0.102" /><testcase classname="backend.tests.test_stats" name="test_b1_stats_requires_auth_401[/api/stats/961727460933/streak]" time="0.102" /><testcase classname="backend.tests.test_stats" name="test_b1_stats_forbids_other_user_403[/api/stats/961727460933]" time="0.487" /><testcase classname="backend.tests.test_stats" name="test_b1_stats_forbids_other_user_403[/api/stats/961727460933/detailed]" time="0.097" /><testcase classname="backend.tests.test_stats" name="test_b1_stats_forbids_other_user_403[/api/stats/961727460933/exercise-progress]" time="0.100" /><testcase classname="backend.tests.test_stats" name="test_b1_stats_forbids_other_user_403[/api/stats/961727460933/streak]" time="0.099" /><testcase classname="backend.tests.test_stats" name="test_b1_stats_owner_ok_200[/api/stats/961727460933]" time="0.422" /><testcase classname="backend.tests.test_stats" name="test_b1_stats_owner_ok_200[/api/stats/961727460933/detailed]" time="0.114" /><testcase classname="backend.tests.test_stats" name="test_b1_stats_owner_ok_200[/api/stats/961727460933/exercise-progress]" time="0.122" /><testcase classname="backend.tests.test_stats" name="test_b1_stats_owner_ok_200[/api/stats/961727460933/streak]" time="0.110" /><testcase classname="backend.tests.test_stats" name="test_b1_coach_stats_requires_auth" time="0.111" /><testcase classname="backend.tests.test_stats" name="test_b1_coach_stats_forbids_wrong_caller" time="0.104" /><testcase classname="backend.tests.test_stats" name="test_b1_coach_exercise_progress_forbids_wrong_caller" time="0.096" /><testcase classname="backend.tests.test_stats" name="test_b3_detailed_epley_1rm" time="0.115" /><testcase classname="backend.tests.test_stats" name="test_b4_exercise_progress_scope_all" time="0.101" /><testcase classname="backend.tests.test_stats" name="test_b4_exercise_progress_scope_plan" time="0.108" /><testcase classname="backend.tests.test_stats" name="test_b5_exercise_progress_only_weighted" time="0.101" /><testcase classname="backend.tests.test_stats" name="test_b6_b7_detailed_clamps_and_avg_per_week" time="0.107" /><testcase classname="backend.tests.test_stats" name="test_b11_streak_fields" time="0.116" /><testcase classname="backend.tests.test_stats" name="test_b2_short_stats_consistent_with_streak" time="0.224" /><testcase classname="backend.tests.test_stats" name="test_regression_home_widget_short_stats" time="0.102" /></testsuite></testsuites>