<?xml version="1.0" encoding="utf-8"?><testsuites name="pytest tests"><testsuite name="pytest" errors="0" failures="0" skipped="0" tests="24" time="6.398" timestamp="2026-07-08T00:33:41.884290+00:00" hostname="agent-env-7fa95d68-09f5-4c1c-a975-7595ef3af056"><testcase classname="backend.tests.test_programs_p6" name="test_templates_requires_auth_401" time="0.259" /><testcase classname="backend.tests.test_programs_p6" name="test_templates_list_returns_builtins_and_own" time="0.538" /><testcase classname="backend.tests.test_programs_p6" name="test_create_template_source_constructor" time="0.221" /><testcase classname="backend.tests.test_programs_p6" name="test_patch_own_template_recounts" time="0.448" /><testcase classname="backend.tests.test_programs_p6" name="test_patch_other_users_template_403" time="0.657" /><testcase classname="backend.tests.test_programs_p6" name="test_patch_builtin_403" time="0.237" /><testcase classname="backend.tests.test_programs_p6" name="test_delete_other_users_template_403" time="0.290" /><testcase classname="backend.tests.test_programs_p6" name="test_share_owner_returns_code_stable" time="0.674" /><testcase classname="backend.tests.test_programs_p6" name="test_share_non_owner_403" time="0.103" /><testcase classname="backend.tests.test_programs_p6" name="test_shared_preview_public_no_auth" time="0.103" /><testcase classname="backend.tests.test_programs_p6" name="test_shared_preview_accepts_variants" time="0.399" /><testcase classname="backend.tests.test_programs_p6" name="test_shared_preview_404_unknown" time="0.100" /><testcase classname="backend.tests.test_programs_p6" name="test_import_own_returns_own_true" time="0.094" /><testcase classname="backend.tests.test_programs_p6" name="test_import_by_other_creates_copy_then_dedup" time="0.348" /><testcase classname="backend.tests.test_programs_p6" name="test_import_404_unknown_code" time="0.106" /><testcase classname="backend.tests.test_programs_p6" name="test_import_requires_auth" time="0.095" /><testcase classname="backend.tests.test_programs_p6" name="test_ai_status_disabled" time="0.093" /><testcase classname="backend.tests.test_programs_p6" name="test_ai_generate_requires_auth" time="0.103" /><testcase classname="backend.tests.test_programs_p6" name="test_ai_parse_requires_auth" time="0.096" /><testcase classname="backend.tests.test_programs_p6" name="test_ai_generate_short_prompt_400" time="0.099" /><testcase classname="backend.tests.test_programs_p6" name="test_ai_generate_disabled_503" time="0.113" /><testcase classname="backend.tests.test_programs_p6" name="test_ai_parse_disabled_503" time="0.106" /><testcase classname="backend.tests.test_programs_p6" name="test_regression_plan_from_own_template" time="0.456" /><testcase classname="backend.tests.test_programs_p6" name="test_regression_plan_from_builtin" time="0.362" /></testsuite></testsuites>